<?xml version="1.0" encoding="UTF-8"?>
<!-- Generated by org.testng.reporters.JUnitReportReporter -->
<testsuite hostname="DESKTOP-516078K" failures="0" tests="2" name="qatestGroup.MavenProject.SeleniumTest" time="0.001" errors="0" timestamp="2021-03-08T18:53:09 IST" skipped="0">
  <testcase classname="qatestGroup.MavenProject.SeleniumTest" name="BrowserAutomation" time="0.000"/>
  <system-out/>
  <testcase classname="qatestGroup.MavenProject.SeleniumTest" name="ElementsUi" time="0.001"/>
  <system-out/>
</testsuite> <!-- qatestGroup.MavenProject.SeleniumTest -->
