<?xml version="1.0" encoding="UTF-8"?>
<!-- Generated by org.testng.reporters.JUnitReportReporter -->
<testsuite hostname="DESKTOP-516078K" failures="0" tests="2" name="qatestGroup.MavenProject.RestApiTest" time="0.012" errors="0" timestamp="2021-03-08T18:53:09 IST" skipped="0">
  <testcase classname="qatestGroup.MavenProject.RestApiTest" name="postJira" time="0.001"/>
  <system-out/>
  <testcase classname="qatestGroup.MavenProject.RestApiTest" name="deleteTwitter" time="0.011"/>
  <system-out/>
</testsuite> <!-- qatestGroup.MavenProject.RestApiTest -->
