<?xml version="1.0" encoding="UTF-8"?>
<!-- Generated by org.testng.reporters.JUnitReportReporter -->
<testsuite hostname="DESKTOP-516078K" failures="0" tests="2" name="qatestGroup.MavenProject.RestApiTest" time="0.003" errors="0" timestamp="2021-03-09T11:45:16 IST" skipped="0">
  <testcase classname="qatestGroup.MavenProject.RestApiTest" name="deleteTwitter" time="0.003"/>
  <system-out/>
  <testcase classname="qatestGroup.MavenProject.RestApiTest" name="postJira" time="0.000"/>
  <system-out/>
</testsuite> <!-- qatestGroup.MavenProject.RestApiTest -->
